<?xml version="1.0" encoding="UTF-8"?>
<testsuite name="FirstTest" tests="1" skipped="0" failures="0" errors="0" timestamp="2021-11-06T12:22:26" hostname="MacBook-Pro-Skipi.local" time="21.298">
  <properties/>
  <testcase name="fourthTest()" classname="FirstTest" time="21.298"/>
  <system-out><![CDATA[345.00 eq 345.00
296.70 eq 296.70
]]></system-out>
  <system-err><![CDATA[SLF4J: Failed to load class "org.slf4j.impl.StaticLoggerBinder".
SLF4J: Defaulting to no-operation (NOP) logger implementation
SLF4J: See http://www.slf4j.org/codes.html#StaticLoggerBinder for further details.
Starting ChromeDriver 95.0.4638.54 (d31a821ec901f68d0d34ccdbaea45b4c86ce543e-refs/branch-heads/4638@{#871}) on port 65400
Only local connections are allowed.
Please see https://chromedriver.chromium.org/security-considerations for suggestions on keeping ChromeDriver safe.
ChromeDriver was started successfully.
нояб. 06, 2021 3:22:35 PM org.openqa.selenium.remote.ProtocolHandshake createSession
INFO: Detected dialect: W3C
нояб. 06, 2021 3:22:35 PM org.openqa.selenium.devtools.CdpVersionFinder findNearestMatch
INFO: Found exact CDP implementation for version 95
]]></system-err>
</testsuite>
